Arguments: 
  /home/norepi/.nvm/versions/node/v18.18.2/bin/node /usr/share/yarn/bin/yarn.js init

PATH: 
  /home/norepi/miniconda3/bin:/home/norepi/miniconda3/condabin:$/usr/local/bin:/home/norepi/.nvm/versions/node/v18.18.2/bin:/home/norepi/.cargo/bin:/home/norepi/.local/bin:/usr/lib/jvm/java-11-openjdk-amd64/bin:/usr/local/sbin:/usr/local/bin:/usr/sbin:/usr/bin:/sbin:/bin:/usr/games:/usr/local/games:/snap/bin:/opt/thinlinc/bin:/home/norepi/.local/bin:/home/norepi/Library/Android/Sdk/emulator:/home/norepi/Library/Android/Sdk/platform-tools:/home/norepi/.local/bin

Yarn version: 
  1.22.19

Node version: 
  18.18.2

Platform: 
  linux x64

Trace: 
  Error: canceled
      at Interface.<anonymous> (/usr/share/yarn/lib/cli.js:137150:13)
      at Interface.emit (node:events:517:28)
      at [_ttyWrite] [as _ttyWrite] (node:internal/readline/interface:1132:18)
      at ReadStream.onkeypress (node:internal/readline/interface:271:20)
      at ReadStream.emit (node:events:517:28)
      at emitKeys (node:internal/readline/utils:357:14)
      at emitKeys.next (<anonymous>)
      at ReadStream.onData (node:internal/readline/emitKeypressEvents:64:36)
      at ReadStream.emit (node:events:517:28)
      at addChunk (node:internal/streams/readable:335:12)

npm manifest: 
  No manifest

yarn manifest: 
  No manifest

Lockfile: 
  No lockfile
